<?xml version="1.0" encoding="UTF-8"?>
<!-- Generated by org.testng.reporters.JUnitReportReporter -->
<testsuite hostname="DESKTOP-J3Q9AQA" failures="0" tests="1" name="TestRunner" time="8.918" errors="0" timestamp="2021-06-24T16:27:21 AEST" skipped="0">
  <testcase classname="TestRunner" name="feature" time="8.918"/>
  <system-out/>
</testsuite> <!-- TestRunner -->
