<?xml version="1.0" encoding="UTF-8"?>
<!-- Generated by org.testng.reporters.JUnitReportReporter -->
<testsuite hostname="DESKTOP-J3Q9AQA" failures="0" tests="4" name="com.gp.test.runner.TestRunner" time="67.962" errors="0" timestamp="2022-03-25T03:52:49 IST" skipped="0">
  <testcase classname="com.gp.test.runner.TestRunner" name="runScenario" time="14.254"/>
  <system-out/>
  <testcase classname="com.gp.test.runner.TestRunner" name="runScenario" time="10.729"/>
  <system-out/>
  <testcase classname="com.gp.test.runner.TestRunner" name="runScenario" time="21.476"/>
  <system-out/>
  <testcase classname="com.gp.test.runner.TestRunner" name="runScenario" time="21.503"/>
  <system-out/>
</testsuite> <!-- com.gp.test.runner.TestRunner -->
