<?xml version="1.0" encoding="UTF-8"?>
<!-- Generated by org.testng.reporters.JUnitReportReporter -->
<testsuite hostname="DESKTOP-J3Q9AQA" failures="0" tests="8" name="com.gp.test.featureDefinitions.TestRunner" time="5.504" errors="0" timestamp="2021-06-24T20:06:32 AEST" skipped="0">
  <testcase classname="com.gp.test.featureDefinitions.TestRunner" name="runScenario" time="0.130"/>
  <system-out/>
  <testcase classname="com.gp.test.featureDefinitions.TestRunner" name="runScenario" time="0.061"/>
  <system-out/>
  <testcase classname="com.gp.test.featureDefinitions.TestRunner" name="runScenario" time="0.063"/>
  <system-out/>
  <testcase classname="com.gp.test.featureDefinitions.TestRunner" name="runScenario" time="3.537"/>
  <system-out/>
  <testcase classname="com.gp.test.featureDefinitions.TestRunner" name="runScenario" time="0.061"/>
  <system-out/>
  <testcase classname="com.gp.test.featureDefinitions.TestRunner" name="runScenario" time="0.071"/>
  <system-out/>
  <testcase classname="com.gp.test.featureDefinitions.TestRunner" name="runScenario" time="1.532"/>
  <system-out/>
  <testcase classname="com.gp.test.featureDefinitions.TestRunner" name="runScenario" time="0.049"/>
  <system-out/>
</testsuite> <!-- com.gp.test.featureDefinitions.TestRunner -->
